1706497288526	geckodriver	INFO	Listening on 127.0.0.1:60317
1706497291593	mozrunner::runner	INFO	Running command: "C:\\Users\\UtilThistermFinish\\.cache\\selenium\\firefox\\win64\\122.0\\firefox.exe" "--marionette" "--remo ... "--remote-allow-hosts" "localhost" "-no-remote" "-profile" "C:\\Users\\UTILTH~1\\AppData\\Local\\Temp\\rust_mozprofileov5kex"
console.warn: services.settings: Ignoring preference override of remote settings server
console.warn: services.settings: Allow by setting MOZ_REMOTE_SETTINGS_DEVTOOLS=1 in the environment
1706497291769	Marionette	INFO	Marionette enabled
Dynamically enable window occlusion 0
1706497291808	Marionette	INFO	Listening on port 60327
WebDriver BiDi listening on ws://127.0.0.1:60318
Read port: 60327
1706497291918	RemoteAgent	WARN	TLS certificate errors will be ignored for this session
DevTools listening on ws://127.0.0.1:60318/devtools/browser/ae453bff-0288-4db7-8a7d-a37233b46e9b
JavaScript warning: https://automationexercise.com/static/js/jquery.js, line 2: Using //@ to indicate sourceMappingURL pragmas is deprecated. Use //# instead
JavaScript warning: https://automationexercise.com/static/js/jquery.js, line 2: Using //@ to indicate sourceMappingURL pragmas is deprecated. Use //# instead
JavaScript error: , line 0: TypeError: NetworkError when attempting to fetch resource.
JavaScript error: , line 0: TypeError: NetworkError when attempting to fetch resource.
1706497296261	Marionette	INFO	Stopped listening on port 60327
JavaScript warning: https://pagead2.googlesyndication.com/pagead/managed/js/adsense/m202401240101/reactive_library_fy2021.js?bust=31080663, line 54: Script terminated by timeout at:
O/<@https://pagead2.googlesyndication.com/pagead/managed/js/adsense/m202401240101/reactive_library_fy2021.js?bust=31080663:54:396

Dynamically enable window occlusion 1
JavaScript warning: https://pagead2.googlesyndication.com/bg/IHSjRKKj3q_1Pt3c2sGWHmUCy_Bw5n5yhKh9CWyZSw4.js line 2 > eval line 991 > eval line 1 > eval line 1 > eval, line 1: WEBGL_debug_renderer_info is deprecated in Firefox and will be removed. Please use RENDERER.
