1706496638474	geckodriver	INFO	Listening on 127.0.0.1:58929
1706496641563	mozrunner::runner	INFO	Running command: "C:\\Users\\UtilThistermFinish\\.cache\\selenium\\firefox\\win64\\122.0\\firefox.exe" "--marionette" "--remo ... "--remote-allow-hosts" "localhost" "-no-remote" "-profile" "C:\\Users\\UTILTH~1\\AppData\\Local\\Temp\\rust_mozprofileR9v1dd"
console.warn: services.settings: Ignoring preference override of remote settings server
console.warn: services.settings: Allow by setting MOZ_REMOTE_SETTINGS_DEVTOOLS=1 in the environment
1706496641738	Marionette	INFO	Marionette enabled
Dynamically enable window occlusion 0
1706496641778	Marionette	INFO	Listening on port 58939
WebDriver BiDi listening on ws://127.0.0.1:58930
Read port: 58939
1706496641880	RemoteAgent	WARN	TLS certificate errors will be ignored for this session
DevTools listening on ws://127.0.0.1:58930/devtools/browser/2a2ba3f6-fc2c-4a02-98e4-8f428d37e2eb
JavaScript warning: https://automationexercise.com/static/js/jquery.js, line 2: Using //@ to indicate sourceMappingURL pragmas is deprecated. Use //# instead
JavaScript warning: https://pagead2.googlesyndication.com/bg/IHSjRKKj3q_1Pt3c2sGWHmUCy_Bw5n5yhKh9CWyZSw4.js line 2 > eval line 94 > eval line 1 > eval line 1 > eval, line 1: WEBGL_debug_renderer_info is deprecated in Firefox and will be removed. Please use RENDERER.
1706496646190	Marionette	INFO	Stopped listening on port 58939
JavaScript warning: https://tpc.googlesyndication.com/pagead/js/r20240122/r20110914/client/qs_click_protection_fy2021.js, line 26: Script terminated by timeout at:
Y@https://tpc.googlesyndication.com/pagead/js/r20240122/r20110914/client/qs_click_protection_fy2021.js:26:584
fc/a.o<@https://tpc.googlesyndication.com/pagead/js/r20240122/r20110914/client/qs_click_protection_fy2021.js:30:180
X.prototype.A@https://tpc.googlesyndication.com/pagead/js/r20240122/r20110914/client/qs_click_protection_fy2021.js:26:398

JavaScript warning: https://pagead2.googlesyndication.com/pagead/managed/js/adsense/m202401240101/reactive_library_fy2021.js?bust=31080663, line 54: Script terminated by timeout at:
O/<@https://pagead2.googlesyndication.com/pagead/managed/js/adsense/m202401240101/reactive_library_fy2021.js?bust=31080663:54:396

Dynamically enable window occlusion 1
JavaScript error: , line 0: TypeError: NetworkError when attempting to fetch resource.
