1706499024781	geckodriver	INFO	Listening on 127.0.0.1:56049
1706499027855	mozrunner::runner	INFO	Running command: "C:\\Users\\UtilThistermFinish\\.cache\\selenium\\firefox\\win64\\122.0\\firefox.exe" "--marionette" "--remo ... "--remote-allow-hosts" "localhost" "-no-remote" "-profile" "C:\\Users\\UTILTH~1\\AppData\\Local\\Temp\\rust_mozprofile6rHqQw"
console.warn: services.settings: Ignoring preference override of remote settings server
console.warn: services.settings: Allow by setting MOZ_REMOTE_SETTINGS_DEVTOOLS=1 in the environment
1706499028032	Marionette	INFO	Marionette enabled
Dynamically enable window occlusion 0
1706499028070	Marionette	INFO	Listening on port 56062
WebDriver BiDi listening on ws://127.0.0.1:56050
Read port: 56062
1706499028176	RemoteAgent	WARN	TLS certificate errors will be ignored for this session
DevTools listening on ws://127.0.0.1:56050/devtools/browser/8e84bc37-02a6-4074-be4a-2bd98780fdec
JavaScript warning: https://automationexercise.com/static/js/jquery.js, line 2: Using //@ to indicate sourceMappingURL pragmas is deprecated. Use //# instead
JavaScript warning: https://automationexercise.com/static/js/jquery.js, line 2: Using //@ to indicate sourceMappingURL pragmas is deprecated. Use //# instead
console.warn: LoginRecipes: "Falling back to a synchronous message for: https://automationexercise.com."
console.warn: LoginRecipes: "Falling back to a synchronous message for: https://automationexercise.com."
console.warn: LoginRecipes: "Falling back to a synchronous message for: https://automationexercise.com."
console.warn: LoginRecipes: "Falling back to a synchronous message for: https://automationexercise.com."
JavaScript warning: https://automationexercise.com/static/js/jquery.js, line 2: Using //@ to indicate sourceMappingURL pragmas is deprecated. Use //# instead
JavaScript warning: https://pagead2.googlesyndication.com/bg/IHSjRKKj3q_1Pt3c2sGWHmUCy_Bw5n5yhKh9CWyZSw4.js line 2 > eval line 7011 > eval line 1 > eval line 1 > eval, line 1: WEBGL_debug_renderer_info is deprecated in Firefox and will be removed. Please use RENDERER.
JavaScript warning: https://pagead2.googlesyndication.com/bg/IHSjRKKj3q_1Pt3c2sGWHmUCy_Bw5n5yhKh9CWyZSw4.js line 2 > eval line 5304 > eval line 1 > eval line 1 > eval, line 1: WEBGL_debug_renderer_info is deprecated in Firefox and will be removed. Please use RENDERER.
JavaScript warning: https://pagead2.googlesyndication.com/bg/IHSjRKKj3q_1Pt3c2sGWHmUCy_Bw5n5yhKh9CWyZSw4.js line 2 > eval line 7091 > eval line 1 > eval line 1 > eval, line 1: WEBGL_debug_renderer_info is deprecated in Firefox and will be removed. Please use RENDERER.
1706499036225	Marionette	INFO	Stopped listening on port 56062
JavaScript warning: https://www.googletagservices.com/activeview/js/current/ufs_web_display.js?cache=r20110914, line 14: Script terminated by timeout at:
y@https://www.googletagservices.com/activeview/js/current/ufs_web_display.js?cache=r20110914:14:248
Ra.prototype.Zb/<@https://www.googletagservices.com/activeview/js/current/ufs_web_display.js?cache=r20110914:46:263

Dynamically enable window occlusion 1
JavaScript error: resource://gre/modules/PictureInPicture.sys.mjs, line 561: TypeError: browser is null
JavaScript error: resource://gre/modules/PictureInPicture.sys.mjs, line 561: TypeError: browser is null
JavaScript error: , line 0: TypeError: NetworkError when attempting to fetch resource.
JavaScript error: , line 0: TypeError: NetworkError when attempting to fetch resource.
