1706497387920	geckodriver	INFO	Listening on 127.0.0.1:52077
1706497390984	mozrunner::runner	INFO	Running command: "C:\\Users\\UtilThistermFinish\\.cache\\selenium\\firefox\\win64\\122.0\\firefox.exe" "--marionette" "--remo ... "--remote-allow-hosts" "localhost" "-no-remote" "-profile" "C:\\Users\\UTILTH~1\\AppData\\Local\\Temp\\rust_mozprofileFLAtD6"
console.warn: services.settings: Ignoring preference override of remote settings server
console.warn: services.settings: Allow by setting MOZ_REMOTE_SETTINGS_DEVTOOLS=1 in the environment
1706497391151	Marionette	INFO	Marionette enabled
Dynamically enable window occlusion 0
1706497391189	Marionette	INFO	Listening on port 52086
WebDriver BiDi listening on ws://127.0.0.1:52078
Read port: 52086
1706497391311	RemoteAgent	WARN	TLS certificate errors will be ignored for this session
DevTools listening on ws://127.0.0.1:52078/devtools/browser/43a394d7-6078-453a-9c53-99069e87fd34
JavaScript warning: https://automationexercise.com/static/js/jquery.js, line 2: Using //@ to indicate sourceMappingURL pragmas is deprecated. Use //# instead
JavaScript warning: https://automationexercise.com/static/js/jquery.js, line 2: Using //@ to indicate sourceMappingURL pragmas is deprecated. Use //# instead
JavaScript warning: https://www.googletagservices.com/activeview/js/current/ufs_web_display.js?cache=r20110914, line 72: Script terminated by timeout at:
gc@https://www.googletagservices.com/activeview/js/current/ufs_web_display.js?cache=r20110914:72:696
lc@https://www.googletagservices.com/activeview/js/current/ufs_web_display.js?cache=r20110914:77:65
I@https://www.googletagservices.com/activeview/js/current/ufs_web_display.js?cache=r20110914:75:711
n.subscribe@https://www.googletagservices.com/activeview/js/current/ufs_web_display.js?cache=r20110914:79:844
Rh/c/<@https://www.googletagservices.com/activeview/js/current/ufs_web_display.js?cache=r20110914:152:268
n.Nd@https://www.googletagservices.com/activeview/js/current/ufs_web_display.js?cache=r20110914:80:34
n.subscribe@https://www.googletagservices.com/activeview/js/current/ufs_web_display.js?cache=r20110914:79:946
ad@https://www.googletagservices.com/activeview/js/current/ufs_web_display.js?cache=r20110914:92:109
n.o@https://www.googletagservices.com/activeview/js/current/ufs_web_display.js?cache=r20110914:119:562
n.next@https://www.googletagservices.com/activeview/js/current/ufs_web_display.js?cache=r20110914:75:859
Ad.prototype.o@https://www.googletagservices.com/activeview/js/current/ufs_web_display.js?cache=r20110914:100:1267
n.next@https://www.googletagservices.com/activeview/js/current/ufs_web_display.js?cache=r20110914:75:859
n.sa@https://www.googletagservices.com/activeview/js/current/ufs_web_display.js?cache=r20110914:101:367
$c.prototype.o@https://www.googletagservices.com/activeview/js/current/ufs_web_display.js?cache=r20110914:90:1342
n.next@https://www.googletagservices.com/activeview/js/current/ufs_web_display.js?cache=r20110914:75:859
Rh/c/</</<@https://www.googletagservices.com/activeview/js/current/ufs_web_display.js?cache=r20110914:152:320
Va@https://www.googletagservices.com/activeview/js/current/ufs_web_display.js?cache=r20110914:47:339
Sa.prototype.flush@https://www.googletagservices.com/activeview/js/current/ufs_web_display.js?cache=r20110914:47:127
Ua@https://www.googletagservices.com/activeview/js/current/ufs_web_display.js?cache=r20110914:46:466
Rh/c/</<@https://www.googletagservices.com/activeview/js/current/ufs_web_display.js?cache=r20110914:152:292
n.Id@https://www.googletagservices.com/activeview/js/current/ufs_web_display.js?cache=r20110914:78:425
n.next@https://www.googletagservices.com/activeview/js/current/ufs_web_display.js?cache=r20110914:77:439
n.o@https://www.googletagservices.com/activeview/js/current/ufs_web_display.js?cache=r20110914:76:223
n.next@https://www.googletagservices.com/activeview/js/current/ufs_web_display.js?cache=r20110914:75:859
Xg/</</</<@https://www.googletagservices.com/activeview/js/current/ufs_web_display.js?cache=r20110914:138:237
Ra.prototype.Zb/<@https://www.googletagservices.com/activeview/js/current/ufs_web_display.js?cache=r20110914:46:298
Xg/</</<@https://www.googletagservices.com/activeview/js/current/ufs_web_display.js?cache=r20110914:138:246
n.Id@https://www.googletagservices.com/activeview/js/current/ufs_web_display.js?cache=r20110914:78:425
n.next@https://www.googletagservices.com/activeview/js/current/ufs_web_display.js?cache=r20110914:77:439
n.o@https://www.googletagservices.com/activeview/js/current/ufs_web_display.js?cache=r20110914:76:223
n.next@https://www.googletagservices.com/activeview/js/current/ufs_web_display.js?cache=r20110914:75:859
Xg/</</</<@https://www.googletagservices.com/activeview/js/current/ufs_web_display.js?cache=r20110914:138:237
Ra.prototype.Zb/<@https://www.googletagservices.com/activeview/js/current/ufs_web_display.js?cache=r20110914:46:298
Xg/</</<@https://www.googletagservices.com/activeview/js/current/ufs_web_display.js?cache=r20110914:138:246
n.Id@https://www.googletagservices.com/activeview/js/current/ufs_web_display.js?cache=r20110914:78:425
n.next@https://www.googletagservices.com/activeview/js/current/ufs_web_display.js?cache=r20110914:77:439
n.o@https://www.googletagservices.com/activeview/js/current/ufs_web_display.js?cache=r20110914:76:223
n.next@https://www.googletagservices.com/activeview/js/current/ufs_web_display.js?cache=r20110914:75:859
qd/</<@https://www.googletagservices.com/activeview/js/current/ufs_web_display.js?cache=r20110914:96:671

1706497396699	Marionette	INFO	Stopped listening on port 52086
Dynamically enable window occlusion 1
