1706498259541	geckodriver	INFO	Listening on 127.0.0.1:58130
1706498262622	mozrunner::runner	INFO	Running command: "C:\\Users\\UtilThistermFinish\\.cache\\selenium\\firefox\\win64\\122.0\\firefox.exe" "--marionette" "--remo ... "--remote-allow-hosts" "localhost" "-no-remote" "-profile" "C:\\Users\\UTILTH~1\\AppData\\Local\\Temp\\rust_mozprofilemWBrz2"
console.warn: services.settings: Ignoring preference override of remote settings server
console.warn: services.settings: Allow by setting MOZ_REMOTE_SETTINGS_DEVTOOLS=1 in the environment
1706498262810	Marionette	INFO	Marionette enabled
Dynamically enable window occlusion 0
1706498262849	Marionette	INFO	Listening on port 58140
WebDriver BiDi listening on ws://127.0.0.1:58131
Read port: 58140
1706498262952	RemoteAgent	WARN	TLS certificate errors will be ignored for this session
DevTools listening on ws://127.0.0.1:58131/devtools/browser/f375cb0b-f0d2-472b-a420-5fc33c34979b
JavaScript warning: https://automationexercise.com/static/js/jquery.js, line 2: Using //@ to indicate sourceMappingURL pragmas is deprecated. Use //# instead
JavaScript warning: https://www.googletagservices.com/activeview/js/current/ufs_web_display.js?cache=r20110914, line 75: Script terminated by timeout at:
n.next@https://www.googletagservices.com/activeview/js/current/ufs_web_display.js?cache=r20110914:75:842
qd/</<@https://www.googletagservices.com/activeview/js/current/ufs_web_display.js?cache=r20110914:96:671

JavaScript warning: https://automationexercise.com/static/js/jquery.js, line 2: Using //@ to indicate sourceMappingURL pragmas is deprecated. Use //# instead
console.warn: LoginRecipes: "Falling back to a synchronous message for: https://automationexercise.com."
console.warn: LoginRecipes: "Falling back to a synchronous message for: https://automationexercise.com."
console.warn: LoginRecipes: "Falling back to a synchronous message for: https://automationexercise.com."
console.warn: LoginRecipes: "Falling back to a synchronous message for: https://automationexercise.com."
JavaScript warning: https://automationexercise.com/static/js/jquery.js, line 2: Using //@ to indicate sourceMappingURL pragmas is deprecated. Use //# instead
1706498270833	Marionette	INFO	Stopped listening on port 58140
Dynamically enable window occlusion 1
JavaScript warning: https://pagead2.googlesyndication.com/bg/IHSjRKKj3q_1Pt3c2sGWHmUCy_Bw5n5yhKh9CWyZSw4.js line 2 > eval line 6677 > eval line 1 > eval line 1 > eval, line 1: WEBGL_debug_renderer_info is deprecated in Firefox and will be removed. Please use RENDERER.
