1706497153668	geckodriver	INFO	Listening on 127.0.0.1:60000
1706497156739	mozrunner::runner	INFO	Running command: "C:\\Users\\UtilThistermFinish\\.cache\\selenium\\firefox\\win64\\122.0\\firefox.exe" "--marionette" "--remo ... "--remote-allow-hosts" "localhost" "-no-remote" "-profile" "C:\\Users\\UTILTH~1\\AppData\\Local\\Temp\\rust_mozprofile5FSHNV"
console.warn: services.settings: Ignoring preference override of remote settings server
console.warn: services.settings: Allow by setting MOZ_REMOTE_SETTINGS_DEVTOOLS=1 in the environment
1706497156909	Marionette	INFO	Marionette enabled
Dynamically enable window occlusion 0
1706497156947	Marionette	INFO	Listening on port 60009
WebDriver BiDi listening on ws://127.0.0.1:60001
Read port: 60009
1706497157068	RemoteAgent	WARN	TLS certificate errors will be ignored for this session
DevTools listening on ws://127.0.0.1:60001/devtools/browser/398b450a-f92a-4286-a7e1-6de084c92c72
JavaScript warning: https://automationexercise.com/static/js/jquery.js, line 2: Using //@ to indicate sourceMappingURL pragmas is deprecated. Use //# instead
1706497161007	Marionette	INFO	Stopped listening on port 60009
JavaScript warning: https://pagead2.googlesyndication.com/pagead/managed/js/adsense/m202401230101/reactive_library_fy2021.js?bust=31080662, line 54: Script terminated by timeout at:
O/<@https://pagead2.googlesyndication.com/pagead/managed/js/adsense/m202401230101/reactive_library_fy2021.js?bust=31080662:54:396

JavaScript warning: https://tpc.googlesyndication.com/pagead/js/r20240122/r20110914/client/qs_click_protection_fy2021.js, line 26: Script terminated by timeout at:
Y@https://tpc.googlesyndication.com/pagead/js/r20240122/r20110914/client/qs_click_protection_fy2021.js:26:584
fc/a.o<@https://tpc.googlesyndication.com/pagead/js/r20240122/r20110914/client/qs_click_protection_fy2021.js:30:180
X.prototype.A@https://tpc.googlesyndication.com/pagead/js/r20240122/r20110914/client/qs_click_protection_fy2021.js:26:398

Dynamically enable window occlusion 1
JavaScript error: , line 0: TypeError: NetworkError when attempting to fetch resource.
JavaScript error: , line 0: TypeError: NetworkError when attempting to fetch resource.
