1706499149073	geckodriver	INFO	Listening on 127.0.0.1:52758
1706499152163	mozrunner::runner	INFO	Running command: "C:\\Users\\UtilThistermFinish\\.cache\\selenium\\firefox\\win64\\122.0\\firefox.exe" "--marionette" "--remo ... "--remote-allow-hosts" "localhost" "-no-remote" "-profile" "C:\\Users\\UTILTH~1\\AppData\\Local\\Temp\\rust_mozprofilejjBqJs"
console.warn: services.settings: Ignoring preference override of remote settings server
console.warn: services.settings: Allow by setting MOZ_REMOTE_SETTINGS_DEVTOOLS=1 in the environment
1706499152430	Marionette	INFO	Marionette enabled
Dynamically enable window occlusion 0
1706499152471	Marionette	INFO	Listening on port 52768
WebDriver BiDi listening on ws://127.0.0.1:52759
Read port: 52768
1706499152595	RemoteAgent	WARN	TLS certificate errors will be ignored for this session
DevTools listening on ws://127.0.0.1:52759/devtools/browser/7322bec8-fa01-4091-9b14-87ab756378b7
JavaScript warning: https://automationexercise.com/static/js/jquery.js, line 2: Using //@ to indicate sourceMappingURL pragmas is deprecated. Use //# instead
JavaScript warning: https://www.googletagservices.com/activeview/js/current/ufs_web_display.js?cache=r20110914, line 101: Script terminated by timeout at:
n.sa@https://www.googletagservices.com/activeview/js/current/ufs_web_display.js?cache=r20110914:101:258
$c.prototype.o@https://www.googletagservices.com/activeview/js/current/ufs_web_display.js?cache=r20110914:90:1342
n.next@https://www.googletagservices.com/activeview/js/current/ufs_web_display.js?cache=r20110914:75:859
Rh/c/</</<@https://www.googletagservices.com/activeview/js/current/ufs_web_display.js?cache=r20110914:152:320
Va@https://www.googletagservices.com/activeview/js/current/ufs_web_display.js?cache=r20110914:47:339
Sa.prototype.flush@https://www.googletagservices.com/activeview/js/current/ufs_web_display.js?cache=r20110914:47:127
Ua@https://www.googletagservices.com/activeview/js/current/ufs_web_display.js?cache=r20110914:46:466
Rh/c/</<@https://www.googletagservices.com/activeview/js/current/ufs_web_display.js?cache=r20110914:152:292
n.Id@https://www.googletagservices.com/activeview/js/current/ufs_web_display.js?cache=r20110914:78:425
n.next@https://www.googletagservices.com/activeview/js/current/ufs_web_display.js?cache=r20110914:77:439
n.o@https://www.googletagservices.com/activeview/js/current/ufs_web_display.js?cache=r20110914:76:223
n.next@https://www.googletagservices.com/activeview/js/current/ufs_web_display.js?cache=r20110914:75:859
Xg/</</</<@https://www.googletagservices.com/activeview/js/current/ufs_web_display.js?cache=r20110914:138:237
Ra.prototype.Zb/<@https://www.googletagservices.com/activeview/js/current/ufs_web_display.js?cache=r20110914:46:298
Xg/</</<@https://www.googletagservices.com/activeview/js/current/ufs_web_display.js?cache=r20110914:138:246
n.Id@https://www.googletagservices.com/activeview/js/current/ufs_web_display.js?cache=r20110914:78:425
n.next@https://www.googletagservices.com/activeview/js/current/ufs_web_display.js?cache=r20110914:77:439
n.o@https://www.googletagservices.com/activeview/js/current/ufs_web_display.js?cache=r20110914:76:223
n.next@https://www.googletagservices.com/activeview/js/current/ufs_web_display.js?cache=r20110914:75:859
Xg/</</</<@https://www.googletagservices.com/activeview/js/current/ufs_web_display.js?cache=r20110914:138:237
Ra.prototype.Zb/<@https://www.googletagservices.com/activeview/js/current/ufs_web_display.js?cache=r20110914:46:298
Xg/</</<@https://www.googletagservices.com/activeview/js/current/ufs_web_display.js?cache=r20110914:138:246
n.Id@https://www.googletagservices.com/activeview/js/current/ufs_web_display.js?cache=r20110914:78:425
n.next@https://www.googletagservices.com/activeview/js/current/ufs_web_display.js?cache=r20110914:77:439
n.o@https://www.googletagservices.com/activeview/js/current/ufs_web_display.js?cache=r20110914:76:223
n.next@https://www.googletagservices.com/activeview/js/current/ufs_web_display.js?cache=r20110914:75:859
qd/</<@https://www.googletagservices.com/activeview/js/current/ufs_web_display.js?cache=r20110914:96:671

JavaScript warning: https://automationexercise.com/static/js/jquery.js, line 2: Using //@ to indicate sourceMappingURL pragmas is deprecated. Use //# instead
JavaScript error: , line 0: TypeError: NetworkError when attempting to fetch resource.
console.warn: LoginRecipes: "Falling back to a synchronous message for: https://automationexercise.com."
console.warn: LoginRecipes: "Falling back to a synchronous message for: https://automationexercise.com."
console.warn: LoginRecipes: "Falling back to a synchronous message for: https://automationexercise.com."
console.warn: LoginRecipes: "Falling back to a synchronous message for: https://automationexercise.com."
JavaScript warning: https://automationexercise.com/static/js/jquery.js, line 2: Using //@ to indicate sourceMappingURL pragmas is deprecated. Use //# instead
JavaScript warning: https://pagead2.googlesyndication.com/bg/IHSjRKKj3q_1Pt3c2sGWHmUCy_Bw5n5yhKh9CWyZSw4.js line 2 > eval line 3869 > eval line 1 > eval line 1 > eval, line 1: WEBGL_debug_renderer_info is deprecated in Firefox and will be removed. Please use RENDERER.
JavaScript warning: https://pagead2.googlesyndication.com/bg/IHSjRKKj3q_1Pt3c2sGWHmUCy_Bw5n5yhKh9CWyZSw4.js line 2 > eval line 5693 > eval line 1 > eval line 1 > eval, line 1: WEBGL_debug_renderer_info is deprecated in Firefox and will be removed. Please use RENDERER.
JavaScript warning: https://pagead2.googlesyndication.com/bg/IHSjRKKj3q_1Pt3c2sGWHmUCy_Bw5n5yhKh9CWyZSw4.js line 2 > eval line 5583 > eval line 1 > eval line 1 > eval, line 1: WEBGL_debug_renderer_info is deprecated in Firefox and will be removed. Please use RENDERER.
1706499160990	Marionette	INFO	Stopped listening on port 52768
JavaScript warning: https://automationexercise.com/static/js/jquery.js, line 6: Script terminated by timeout at:
x.fx.tick@https://automationexercise.com/static/js/jquery.js:6:25787

Dynamically enable window occlusion 1
JavaScript error: , line 0: TypeError: NetworkError when attempting to fetch resource.
JavaScript error: , line 0: TypeError: NetworkError when attempting to fetch resource.
