1706495855709	geckodriver	INFO	Listening on 127.0.0.1:57462
1706495858787	mozrunner::runner	INFO	Running command: "C:\\Users\\UtilThistermFinish\\.cache\\selenium\\firefox\\win64\\122.0\\firefox.exe" "--marionette" "--remo ... "--remote-allow-hosts" "localhost" "-no-remote" "-profile" "C:\\Users\\UTILTH~1\\AppData\\Local\\Temp\\rust_mozprofileTneIWQ"
console.warn: services.settings: Ignoring preference override of remote settings server
console.warn: services.settings: Allow by setting MOZ_REMOTE_SETTINGS_DEVTOOLS=1 in the environment
1706495858995	Marionette	INFO	Marionette enabled
Dynamically enable window occlusion 0
1706495859035	Marionette	INFO	Listening on port 57472
WebDriver BiDi listening on ws://127.0.0.1:57463
Read port: 57472
1706495859137	RemoteAgent	WARN	TLS certificate errors will be ignored for this session
DevTools listening on ws://127.0.0.1:57463/devtools/browser/ae361329-c56a-4352-b49f-962551094dc9
JavaScript warning: https://automationexercise.com/static/js/jquery.js, line 2: Using //@ to indicate sourceMappingURL pragmas is deprecated. Use //# instead
1706495864988	Marionette	INFO	Stopped listening on port 57472
JavaScript warning: https://pagead2.googlesyndication.com/bg/P1hqgBmkkNDwT9zug75Po3J06KDKU0QoOZK6hiZMV2E.js line 2 > eval, line 3230: Script terminated by timeout at:
g@https://pagead2.googlesyndication.com/bg/P1hqgBmkkNDwT9zug75Po3J06KDKU0QoOZK6hiZMV2E.js line 2 > eval:3230:33435
m7/<@https://pagead2.googlesyndication.com/bg/P1hqgBmkkNDwT9zug75Po3J06KDKU0QoOZK6hiZMV2E.js line 2 > eval:3230:33123
Gv@https://pagead2.googlesyndication.com/bg/P1hqgBmkkNDwT9zug75Po3J06KDKU0QoOZK6hiZMV2E.js line 2 > eval:3230:33931
x.s</<@https://pagead2.googlesyndication.com/bg/P1hqgBmkkNDwT9zug75Po3J06KDKU0QoOZK6hiZMV2E.js line 2 > eval:3230:49063
vx@https://pagead2.googlesyndication.com/bg/P1hqgBmkkNDwT9zug75Po3J06KDKU0QoOZK6hiZMV2E.js line 2 > eval:3230:26822
KP@https://pagead2.googlesyndication.com/bg/P1hqgBmkkNDwT9zug75Po3J06KDKU0QoOZK6hiZMV2E.js line 2 > eval:3230:17911
zG@https://pagead2.googlesyndication.com/bg/P1hqgBmkkNDwT9zug75Po3J06KDKU0QoOZK6hiZMV2E.js line 2 > eval:3230:17120
m7@https://pagead2.googlesyndication.com/bg/P1hqgBmkkNDwT9zug75Po3J06KDKU0QoOZK6hiZMV2E.js line 2 > eval:3230:27704
F@https://pagead2.googlesyndication.com/bg/P1hqgBmkkNDwT9zug75Po3J06KDKU0QoOZK6hiZMV2E.js line 2 > eval:3230:23521
@https://pagead2.googlesyndication.com/bg/P1hqgBmkkNDwT9zug75Po3J06KDKU0QoOZK6hiZMV2E.js line 2 > eval:3230:50785
S@https://pagead2.googlesyndication.com/bg/P1hqgBmkkNDwT9zug75Po3J06KDKU0QoOZK6hiZMV2E.js line 2 > eval:3230:13967
ht@https://pagead2.googlesyndication.com/bg/P1hqgBmkkNDwT9zug75Po3J06KDKU0QoOZK6hiZMV2E.js line 2 > eval:3230:34726
bg@https://pagead2.googlesyndication.com/bg/P1hqgBmkkNDwT9zug75Po3J06KDKU0QoOZK6hiZMV2E.js line 2 > eval:3230:3896
wo@https://pagead2.googlesyndication.com/bg/P1hqgBmkkNDwT9zug75Po3J06KDKU0QoOZK6hiZMV2E.js line 2 > eval:3230:23416
Ia/<@https://googleads.g.doubleclick.net/pagead/html/r20240122/r20110914/zrt_lookup_fy2021.html?fsb=1 line 21 > injectedScript:2:9192
Na@https://googleads.g.doubleclick.net/pagead/html/r20240122/r20110914/zrt_lookup_fy2021.html?fsb=1 line 21 > injectedScript:2:9373
Ia@https://googleads.g.doubleclick.net/pagead/html/r20240122/r20110914/zrt_lookup_fy2021.html?fsb=1 line 21 > injectedScript:2:9182

Dynamically enable window occlusion 1
