1706498804016	geckodriver	INFO	Listening on 127.0.0.1:50713
1706498807088	mozrunner::runner	INFO	Running command: "C:\\Users\\UtilThistermFinish\\.cache\\selenium\\firefox\\win64\\122.0\\firefox.exe" "--marionette" "--remo ... "--remote-allow-hosts" "localhost" "-no-remote" "-profile" "C:\\Users\\UTILTH~1\\AppData\\Local\\Temp\\rust_mozprofile97LkfC"
console.warn: services.settings: Ignoring preference override of remote settings server
console.warn: services.settings: Allow by setting MOZ_REMOTE_SETTINGS_DEVTOOLS=1 in the environment
1706498807315	Marionette	INFO	Marionette enabled
Dynamically enable window occlusion 0
1706498807354	Marionette	INFO	Listening on port 50722
WebDriver BiDi listening on ws://127.0.0.1:50714
Read port: 50722
1706498807454	RemoteAgent	WARN	TLS certificate errors will be ignored for this session
DevTools listening on ws://127.0.0.1:50714/devtools/browser/0d537167-4dcb-4bc6-a58b-b9c3421a4e09
JavaScript warning: https://automationexercise.com/static/js/jquery.js, line 2: Using //@ to indicate sourceMappingURL pragmas is deprecated. Use //# instead
JavaScript warning: https://automationexercise.com/static/js/jquery.js, line 2: Using //@ to indicate sourceMappingURL pragmas is deprecated. Use //# instead
console.warn: LoginRecipes: "Falling back to a synchronous message for: https://automationexercise.com."
console.warn: LoginRecipes: "Falling back to a synchronous message for: https://automationexercise.com."
console.warn: LoginRecipes: "Falling back to a synchronous message for: https://automationexercise.com."
console.warn: LoginRecipes: "Falling back to a synchronous message for: https://automationexercise.com."
JavaScript error: , line 0: uncaught exception: undefined
JavaScript warning: https://automationexercise.com/static/js/jquery.js, line 2: Using //@ to indicate sourceMappingURL pragmas is deprecated. Use //# instead
JavaScript error: , line 0: TypeError: NetworkError when attempting to fetch resource.
1706498813083	Marionette	INFO	Stopped listening on port 50722
JavaScript warning: https://pagead2.googlesyndication.com/pagead/managed/js/adsense/m202401240101/show_ads_impl_fy2021.js?bust=31080696, line 62: Script terminated by timeout at:
Ef/</<@https://pagead2.googlesyndication.com/pagead/managed/js/adsense/m202401240101/show_ads_impl_fy2021.js?bust=31080696:62:44

Dynamically enable window occlusion 1
